<?xml version="1.0" encoding="UTF-8"?>
<!-- Generated by org.testng.reporters.JUnitReportReporter -->
<testsuite hostname="Apliteinfoamr" name="Test_Zoom2u.Login_test" tests="9" failures="0" timestamp="10 Sep 2018 15:13:49 GMT" time="104.461" errors="0">
  <testcase name="L9" time="10.530" classname="Test_Zoom2u.Login_test"/>
  <testcase name="L7" time="14.955" classname="Test_Zoom2u.Login_test"/>
  <testcase name="L8" time="0.054" classname="Test_Zoom2u.Login_test"/>
  <testcase name="L3" time="15.198" classname="Test_Zoom2u.Login_test"/>
  <testcase name="L6" time="12.708" classname="Test_Zoom2u.Login_test"/>
  <testcase name="L1" time="16.192" classname="Test_Zoom2u.Login_test"/>
  <testcase name="L4" time="3.713" classname="Test_Zoom2u.Login_test"/>
  <testcase name="L5" time="20.306" classname="Test_Zoom2u.Login_test"/>
  <testcase name="L2" time="10.805" classname="Test_Zoom2u.Login_test"/>
</testsuite> <!-- Test_Zoom2u.Login_test -->
