<?xml version="1.0" encoding="UTF-8"?>
<!-- Generated by org.testng.reporters.JUnitReportReporter -->
<testsuite hostname="Apliteinfoamr" name="Test_Zoom2u.Login_test" tests="9" failures="0" timestamp="8 Sep 2018 15:28:25 GMT" time="87.279" errors="0">
  <testcase name="L9" time="10.488" classname="Test_Zoom2u.Login_test"/>
  <testcase name="L8" time="0.051" classname="Test_Zoom2u.Login_test"/>
  <testcase name="L1" time="15.317" classname="Test_Zoom2u.Login_test"/>
  <testcase name="L7" time="14.402" classname="Test_Zoom2u.Login_test"/>
  <testcase name="L2" time="10.469" classname="Test_Zoom2u.Login_test"/>
  <testcase name="L6" time="13.280" classname="Test_Zoom2u.Login_test"/>
  <testcase name="L5" time="10.331" classname="Test_Zoom2u.Login_test"/>
  <testcase name="L3" time="8.315" classname="Test_Zoom2u.Login_test"/>
  <testcase name="L4" time="4.626" classname="Test_Zoom2u.Login_test"/>
</testsuite> <!-- Test_Zoom2u.Login_test -->
