<?xml version="1.0" encoding="UTF-8"?>
<!-- Generated by org.testng.reporters.JUnitReportReporter -->
<testsuite hostname="Apliteinfoamr" name="Test_Zoom2u.Registration_test" tests="8" failures="0" timestamp="11 Sep 2018 10:28:40 GMT" time="288.505" errors="0">
  <testcase name="R1" time="10.205" classname="Test_Zoom2u.Registration_test"/>
  <testcase name="R3" time="0.644" classname="Test_Zoom2u.Registration_test"/>
  <testcase name="R9" time="57.578" classname="Test_Zoom2u.Registration_test"/>
  <testcase name="R2" time="66.653" classname="Test_Zoom2u.Registration_test"/>
  <testcase name="R5" time="30.970" classname="Test_Zoom2u.Registration_test"/>
  <testcase name="R8" time="13.183" classname="Test_Zoom2u.Registration_test"/>
  <testcase name="R4" time="103.528" classname="Test_Zoom2u.Registration_test"/>
  <testcase name="R7" time="5.744" classname="Test_Zoom2u.Registration_test"/>
</testsuite> <!-- Test_Zoom2u.Registration_test -->
