<?xml version="1.0" encoding="UTF-8"?>
<!-- Generated by org.testng.reporters.JUnitReportReporter -->
<testsuite hostname="Apliteinfoamr" name="Test_Zoom2u.ForgotPwd_test" tests="9" failures="0" timestamp="24 Sep 2018 11:02:11 GMT" time="78.150" errors="0">
  <testcase name="FP5" time="0.237" classname="Test_Zoom2u.ForgotPwd_test"/>
  <testcase name="FP7" time="0.293" classname="Test_Zoom2u.ForgotPwd_test"/>
  <testcase name="FP1" time="0.116" classname="Test_Zoom2u.ForgotPwd_test"/>
  <testcase name="FP2" time="11.022" classname="Test_Zoom2u.ForgotPwd_test"/>
  <testcase name="FP9" time="34.807" classname="Test_Zoom2u.ForgotPwd_test"/>
  <testcase name="FP4" time="10.802" classname="Test_Zoom2u.ForgotPwd_test"/>
  <testcase name="FP6" time="0.436" classname="Test_Zoom2u.ForgotPwd_test"/>
  <testcase name="FP3" time="10.246" classname="Test_Zoom2u.ForgotPwd_test"/>
  <testcase name="FP8" time="10.191" classname="Test_Zoom2u.ForgotPwd_test"/>
</testsuite> <!-- Test_Zoom2u.ForgotPwd_test -->
