<?xml version="1.0" encoding="UTF-8"?>
<!-- Generated by org.testng.reporters.JUnitReportReporter -->
<testsuite hostname="Apliteinfoamr" name="Test_Zoom2u.Login_test" tests="9" failures="0" timestamp="8 Sep 2018 11:16:36 GMT" time="129.895" errors="0">
  <testcase name="L4" time="12.203" classname="Test_Zoom2u.Login_test"/>
  <testcase name="L2" time="15.888" classname="Test_Zoom2u.Login_test"/>
  <testcase name="L1" time="20.782" classname="Test_Zoom2u.Login_test"/>
  <testcase name="L3" time="14.972" classname="Test_Zoom2u.Login_test"/>
  <testcase name="L7" time="15.528" classname="Test_Zoom2u.Login_test"/>
  <testcase name="L5" time="16.921" classname="Test_Zoom2u.Login_test"/>
  <testcase name="L6" time="16.230" classname="Test_Zoom2u.Login_test"/>
  <testcase name="L8" time="1.317" classname="Test_Zoom2u.Login_test"/>
  <testcase name="L9" time="16.054" classname="Test_Zoom2u.Login_test"/>
</testsuite> <!-- Test_Zoom2u.Login_test -->
