<?xml version="1.0" encoding="UTF-8"?>
<!-- Generated by org.testng.reporters.JUnitReportReporter -->
<testsuite hostname="Apliteinfoamr" name="Test_Zoom2u.Registration_test" tests="8" failures="0" timestamp="6 Sep 2018 14:24:04 GMT" time="440.772" errors="0">
  <testcase name="R1" time="16.113" classname="Test_Zoom2u.Registration_test"/>
  <testcase name="R8" time="16.472" classname="Test_Zoom2u.Registration_test"/>
  <testcase name="R4" time="153.022" classname="Test_Zoom2u.Registration_test"/>
  <testcase name="R3" time="20.732" classname="Test_Zoom2u.Registration_test"/>
  <testcase name="R9" time="77.116" classname="Test_Zoom2u.Registration_test"/>
  <testcase name="R7" time="20.970" classname="Test_Zoom2u.Registration_test"/>
  <testcase name="R2" time="87.665" classname="Test_Zoom2u.Registration_test"/>
  <testcase name="R5" time="48.682" classname="Test_Zoom2u.Registration_test"/>
</testsuite> <!-- Test_Zoom2u.Registration_test -->
